<?xml version="1.0" encoding="UTF-8"?>
<!-- Generated by org.testng.reporters.JUnitReportReporter -->
<testsuite hostname="LAPTOP-IEIUVQDR" failures="0" tests="1" name="com.herokuapp.theinternet.PositiveTest" time="20.172" errors="0" timestamp="2023-02-03T16:55:03 IST" skipped="0">
  <testcase classname="com.herokuapp.theinternet.PositiveTest" name="loginTest" time="20.172"/>
  <system-out/>
</testsuite> <!-- com.herokuapp.theinternet.PositiveTest -->
